C51 COMPILER V9.53.0.0   CALLBACK                                                          04/17/2019 17:13:50 PAGE 1   


C51 COMPILER V9.53.0.0, COMPILATION OF MODULE CALLBACK
OBJECT MODULE PLACED IN .\src\callback.OBJ
COMPILER INVOKED BY: c:\SiliconLabs\SimplicityStudio\v4\developer\toolchains\keil_8051\9.53\BIN\C51.exe C:\Users\apeters
                    -.SPECSERV\Projects\EFM8-USB-MIDI\src\callback.c OMF2 SMALL DEBUG OBJECTEXTEND ROM(LARGE) WARNINGLEVEL(2) FLOATFUZZY(3) O
                    -PTIMIZE(8,SPEED) DEFINE(DEBUG=1) INTVECTOR(0X0000) INTPROMOTE INCDIR(C:\Users\apeters.SPECSERV\Projects\EFM8-USB-MIDI\in
                    -c;C:\Users\apeters.SPECSERV\Projects\EFM8-USB-MIDI\inc\config;C:\Users\apeters.SPECSERV\Projects\EFM8-USB-MIDI\usb_audio
                    -\inc;${workspace_loc:/;${workspace_loc:/;C:\Users\apeters.SPECSERV\Projects\EFM8-USB-MIDI\lib\bsp\efm8_memory_lcd\inc;C:
                    -\Users\apeters.SPECSERV\Projects\EFM8-USB-MIDI\lib\bsp\efm8_memory_lcd\inc\config;${workspace_loc:/;${workspace_loc:/C:\
                    -Users\apeters.SPECSERV\Projects\EFM8-USB-MIDI\lib\bsp\efm8_joystick;${workspace_loc:/C:\Users\apeters.SPECSERV\Projects\
                    -EFM8-USB-MIDI\lib\bsp\efm8_rgb_led;C:/SiliconLabs/SimplicityStudio/v4/developer/sdks/8051/v4.1.6//Device/shared/si8051Ba
                    -se;C:/SiliconLabs/SimplicityStudio/v4/developer/sdks/8051/v4.1.6//Device/EFM8UB2/inc;C:/SiliconLabs/SimplicityStudio/v4/
                    -developer/sdks/8051/v4.1.6//Lib/efm8_usb/inc;C:/SiliconLabs/SimplicityStudio/v4/developer/sdks/8051/v4.1.6//Lib/efm8_ass
                    -ert;C:/SiliconLabs/SimplicityStudio/v4/developer/sdks/8051/v4.1.6//kits/common/drivers/efm8_joystick;C:/SiliconLabs/Simp
                    -licityStudio/v4/developer/sdks/8051/v4.1.6//kits/common/drivers/efm8_memory_lcd/inc;C:/SiliconLabs/SimplicityStudio/v4/d
                    -eveloper/sdks/8051/v4.1.6//kits/common/drivers/efm8_memory_lcd/inc/graphics;C:/SiliconLabs/SimplicityStudio/v4/developer
                    -/sdks/8051/v4.1.6//kits/common/drivers/efm8_memory_lcd/inc/config;C:/SiliconLabs/SimplicityStudio/v4/developer/sdks/8051
                    -/v4.1.6//kits/common/bsp;C:/SiliconLabs/SimplicityStudio/v4/developer/sdks/8051/v4.1.6//kits/EFM8UB2_SLSTK2001A/config;C
                    -:/SiliconLabs/SimplicityStudio/v4/developer/sdks/8051/v4.1.6//kits/common/drivers/efm8_rgb_led;C:/SiliconLabs/Simplicity
                    -Studio/v4/developer/sdks/8051/v4.1.6//Device/EFM8UB2/peripheral_driver/inc) PRINT(.\src\callback.lst) COND PAGEWIDTH(120
                    -) PAGELENGTH(65) OA OBJECT(.\src\callback.OBJ)

line level    source

   1          /*******************************************************************************
   2           * @file callback.c
   3           * @brief USB Callbacks.
   4           *******************************************************************************/
   5          
   6          //=============================================================================
   7          // src/callback.c: generated by Hardware Configurator
   8          //
   9          // This file is only generated if it does not exist. Modifications in this file
  10          // will persist even if Configurator generates code. To refresh this file,
  11          // you must first delete it and then regenerate code.
  12          //=============================================================================
  13          //-----------------------------------------------------------------------------
  14          // Includes
  15          //-----------------------------------------------------------------------------
  16          #include <SI_EFM8UB2_Register_Enums.h>
  17          #include <efm8_usb.h>
  18          #include "descriptors.h"
  19          #include "rgb_led.h"
  20          
  21          //-----------------------------------------------------------------------------
  22          // Constants
  23          //-----------------------------------------------------------------------------
  24          
  25          //-----------------------------------------------------------------------------
  26          // Variables
  27          //-----------------------------------------------------------------------------
  28          extern bit newInEvent;
  29          
  30          //-----------------------------------------------------------------------------
  31          // Functions
  32          //-----------------------------------------------------------------------------
  33          
  34          void USBD_SofCb(uint16_t sofNr) {
  35   1              UNREFERENCED_ARGUMENT(sofNr);
  36   1              P3_B4 = ~P3_B4;
  37   1      }
  38          
  39          uint16_t USBD_XferCompleteCb(uint8_t epAddr, USB_Status_TypeDef status,
C51 COMPILER V9.53.0.0   CALLBACK                                                          04/17/2019 17:13:50 PAGE 2   

  40                          uint16_t xferred, uint16_t remaining) {
  41   1                UNREFERENCED_ARGUMENT(xferred);
  42   1                UNREFERENCED_ARGUMENT(remaining);
  43   1      
  44   1              if (status == USB_STATUS_OK) {
  45   2                      if (epAddr == 2) {
  46   3                              newInEvent = 1;
  47   3                      }
  48   2              }
  49   1              return 0;
  50   1      }
  51          


MODULE INFORMATION:   STATIC OVERLAYABLE
   CODE SIZE        =     31    ----
   CONSTANT SIZE    =   ----    ----
   XDATA SIZE       =   ----    ----
   PDATA SIZE       =   ----    ----
   DATA SIZE        =   ----       8
   IDATA SIZE       =   ----    ----
   BIT SIZE         =   ----    ----
   EDATA SIZE       =   ----    ----
   HDATA SIZE       =   ----    ----
   XDATA CONST SIZE =   ----    ----
   FAR CONST SIZE   =   ----    ----
END OF MODULE INFORMATION.


C51 COMPILATION COMPLETE.  0 WARNING(S),  0 ERROR(S)
