C51 COMPILER V9.53.0.0   ASSERT                                                            04/17/2019 17:14:44 PAGE 1   


C51 COMPILER V9.53.0.0, COMPILATION OF MODULE ASSERT
OBJECT MODULE PLACED IN .\lib\efm8_assert\assert.OBJ
COMPILER INVOKED BY: c:\SiliconLabs\SimplicityStudio\v4\developer\toolchains\keil_8051\9.53\BIN\C51.exe C:\Users\apeters
                    -.SPECSERV\Projects\EFM8-USB-MIDI\lib\efm8_assert\assert.c OMF2 SMALL DEBUG OBJECTEXTEND ROM(LARGE) WARNINGLEVEL(2) FLOAT
                    -FUZZY(3) OPTIMIZE(8,SPEED) DEFINE(DEBUG=1) INTVECTOR(0X0000) INTPROMOTE INCDIR(C:\Users\apeters.SPECSERV\Projects\EFM8-U
                    -SB-MIDI\inc;C:\Users\apeters.SPECSERV\Projects\EFM8-USB-MIDI\inc\config;C:\Users\apeters.SPECSERV\Projects\EFM8-USB-MIDI
                    -\usb_audio\inc;${workspace_loc:/;${workspace_loc:/;C:\Users\apeters.SPECSERV\Projects\EFM8-USB-MIDI\lib\bsp\efm8_memory_
                    -lcd\inc;C:\Users\apeters.SPECSERV\Projects\EFM8-USB-MIDI\lib\bsp\efm8_memory_lcd\inc\config;${workspace_loc:/;${workspac
                    -e_loc:/C:\Users\apeters.SPECSERV\Projects\EFM8-USB-MIDI\lib\bsp\efm8_joystick;${workspace_loc:/C:\Users\apeters.SPECSERV
                    -\Projects\EFM8-USB-MIDI\lib\bsp\efm8_rgb_led;C:/SiliconLabs/SimplicityStudio/v4/developer/sdks/8051/v4.1.6//Device/share
                    -d/si8051Base;C:/SiliconLabs/SimplicityStudio/v4/developer/sdks/8051/v4.1.6//Device/EFM8UB2/inc;C:/SiliconLabs/Simplicity
                    -Studio/v4/developer/sdks/8051/v4.1.6//Lib/efm8_usb/inc;C:/SiliconLabs/SimplicityStudio/v4/developer/sdks/8051/v4.1.6//Li
                    -b/efm8_assert;C:/SiliconLabs/SimplicityStudio/v4/developer/sdks/8051/v4.1.6//kits/common/drivers/efm8_joystick;C:/Silico
                    -nLabs/SimplicityStudio/v4/developer/sdks/8051/v4.1.6//kits/common/drivers/efm8_memory_lcd/inc;C:/SiliconLabs/SimplicityS
                    -tudio/v4/developer/sdks/8051/v4.1.6//kits/common/drivers/efm8_memory_lcd/inc/graphics;C:/SiliconLabs/SimplicityStudio/v4
                    -/developer/sdks/8051/v4.1.6//kits/common/drivers/efm8_memory_lcd/inc/config;C:/SiliconLabs/SimplicityStudio/v4/developer
                    -/sdks/8051/v4.1.6//kits/common/bsp;C:/SiliconLabs/SimplicityStudio/v4/developer/sdks/8051/v4.1.6//kits/EFM8UB2_SLSTK2001
                    -A/config;C:/SiliconLabs/SimplicityStudio/v4/developer/sdks/8051/v4.1.6//kits/common/drivers/efm8_rgb_led;C:/SiliconLabs/
                    -SimplicityStudio/v4/developer/sdks/8051/v4.1.6//Device/EFM8UB2/peripheral_driver/inc) PRINT(.\lib\efm8_assert\assert.lst
                    -) COND PAGEWIDTH(120) PAGELENGTH(65) OA OBJECT(.\lib\efm8_assert\assert.OBJ)

line level    source

   1          /**************************************************************************//**
   2           * Copyright (c) 2015 by Silicon Laboratories Inc. All rights reserved.
   3           *
   4           * http://developer.silabs.com/legal/version/v11/Silicon_Labs_Software_License_Agreement.txt
   5           *****************************************************************************/
   6             
   7          #ifndef NDEBUG
   8          void slab_Assert()
   9          {
  10   1        while ( 1 );
  11   1      }
  12          #endif


MODULE INFORMATION:   STATIC OVERLAYABLE
   CODE SIZE        =      3    ----
   CONSTANT SIZE    =   ----    ----
   XDATA SIZE       =   ----    ----
   PDATA SIZE       =   ----    ----
   DATA SIZE        =   ----    ----
   IDATA SIZE       =   ----    ----
   BIT SIZE         =   ----    ----
   EDATA SIZE       =   ----    ----
   HDATA SIZE       =   ----    ----
   XDATA CONST SIZE =   ----    ----
   FAR CONST SIZE   =   ----    ----
END OF MODULE INFORMATION.


C51 COMPILATION COMPLETE.  0 WARNING(S),  0 ERROR(S)
